Build started 17/03/2015 11:46:35.
     1>Project "C:\Users\Jenny\Documents\GitHub\4th-year-project\Potato slice model\Potato slice model\Potato slice model.vcxproj" on node 2 (Build target(s)).
     1>ClCompile:
         C:\Program Files (x86)\Microsoft Visual Studio 12.0\VC\bin\CL.exe /c /ZI /nologo /W3 /WX- /sdl /Od /Oy- /D _MBCS /Gm /EHsc /RTC1 /MDd /GS /fp:precise /Zc:wchar_t /Zc:forScope /Fo"Debug\\" /Fd"Debug\vc120.pdb" /Gd /TP /analyze- /errorReport:prompt Polymer.cpp
         Polymer.cpp
     1>c:\users\jenny\documents\github\4th-year-project\potato slice model\potato slice model\polymer.cpp(26): warning C4244: 'initializing' : conversion from 'double' to 'int', possible loss of data
     1>c:\users\jenny\documents\github\4th-year-project\potato slice model\potato slice model\polymer.cpp(235): warning C4553: '==' : operator has no effect; did you intend '='?
     1>c:\users\jenny\documents\github\4th-year-project\potato slice model\potato slice model\polymer.cpp(341): warning C4553: '==' : operator has no effect; did you intend '='?
     1>c:\users\jenny\documents\github\4th-year-project\potato slice model\potato slice model\polymer.cpp(450): warning C4553: '==' : operator has no effect; did you intend '='?
     1>c:\users\jenny\documents\github\4th-year-project\potato slice model\potato slice model\polymer.cpp(559): warning C4553: '==' : operator has no effect; did you intend '='?
       Link:
         C:\Program Files (x86)\Microsoft Visual Studio 12.0\VC\bin\link.exe /ERRORREPORT:PROMPT /OUT:"C:\Users\Jenny\Documents\GitHub\4th-year-project\Potato slice model\Debug\Potato slice model.exe" /INCREMENTAL /NOLOGO kernel32.lib user32.lib gdi32.lib winspool.lib comdlg32.lib advapi32.lib shell32.lib ole32.lib oleaut32.lib uuid.lib odbc32.lib odbccp32.lib /MANIFEST /MANIFESTUAC:"level='asInvoker' uiAccess='false'" /manifest:embed /DEBUG /PDB:"C:\Users\Jenny\Documents\GitHub\4th-year-project\Potato slice model\Debug\Potato slice model.pdb" /TLBID:1 /DYNAMICBASE /NXCOMPAT /IMPLIB:"C:\Users\Jenny\Documents\GitHub\4th-year-project\Potato slice model\Debug\Potato slice model.lib" /MACHINE:X86 Debug\Main.obj
         Debug\Monomer.obj
         Debug\Polymer.obj
         Debug\Subunit.obj
     1>Polymer.obj : error LNK2019: unresolved external symbol "public: __thiscall Monomer::Monomer(void)" (??0Monomer@@QAE@XZ) referenced in function "public: __thiscall Polymer::Polymer(void)" (??0Polymer@@QAE@XZ)
     1>Polymer.obj : error LNK2019: unresolved external symbol "public: void __thiscall Monomer::Set_Horizontal_Force(double)" (?Set_Horizontal_Force@Monomer@@QAEXN@Z) referenced in function "public: void __thiscall Polymer::Set_Forces_And_Lengths(double)" (?Set_Forces_And_Lengths@Polymer@@QAEXN@Z)
     1>Polymer.obj : error LNK2019: unresolved external symbol "public: double __thiscall Monomer::Return_Horizontal_Force(void)" (?Return_Horizontal_Force@Monomer@@QAENXZ) referenced in function "public: void __thiscall Polymer::Sort_Lengths_Into_Groups_For_Histogram(void)" (?Sort_Lengths_Into_Groups_For_Histogram@Polymer@@QAEXXZ)
     1>Polymer.obj : error LNK2019: unresolved external symbol "public: void __thiscall Monomer::Set_Vertical_Force(double)" (?Set_Vertical_Force@Monomer@@QAEXN@Z) referenced in function "public: void __thiscall Polymer::Set_Forces_And_Lengths(double)" (?Set_Forces_And_Lengths@Polymer@@QAEXN@Z)
     1>Polymer.obj : error LNK2019: unresolved external symbol "public: double __thiscall Monomer::Return_Vertical_Force(void)" (?Return_Vertical_Force@Monomer@@QAENXZ) referenced in function "public: void __thiscall Polymer::Sort_Lengths_Into_Groups_For_Histogram(void)" (?Sort_Lengths_Into_Groups_For_Histogram@Polymer@@QAEXXZ)
     1>Polymer.obj : error LNK2019: unresolved external symbol "public: void __thiscall Monomer::Set_Length_Glycan(double)" (?Set_Length_Glycan@Monomer@@QAEXN@Z) referenced in function "public: void __thiscall Polymer::Set_Forces_And_Lengths(double)" (?Set_Forces_And_Lengths@Polymer@@QAEXN@Z)
     1>Polymer.obj : error LNK2019: unresolved external symbol "public: double __thiscall Monomer::Return_Length_Glycan(void)" (?Return_Length_Glycan@Monomer@@QAENXZ) referenced in function "public: double __thiscall Polymer::Return_Length_Glycan(int,int)" (?Return_Length_Glycan@Polymer@@QAENHH@Z)
     1>Polymer.obj : error LNK2019: unresolved external symbol "public: void __thiscall Monomer::Set_Spring_Constant_Glycan(double)" (?Set_Spring_Constant_Glycan@Monomer@@QAEXN@Z) referenced in function "public: void __thiscall Polymer::Set_Spring_Constant_Glycan(double,int,int)" (?Set_Spring_Constant_Glycan@Polymer@@QAEXNHH@Z)
     1>Polymer.obj : error LNK2019: unresolved external symbol "public: double __thiscall Monomer::Return_Spring_Constant_Glycan(void)" (?Return_Spring_Constant_Glycan@Monomer@@QAENXZ) referenced in function "public: double __thiscall Polymer::Return_Spring_Constant_Glycan(int,int)" (?Return_Spring_Constant_Glycan@Polymer@@QAENHH@Z)
     1>Polymer.obj : error LNK2019: unresolved external symbol "public: void __thiscall Monomer::Set_Number_Bonds_Glycan(int)" (?Set_Number_Bonds_Glycan@Monomer@@QAEXH@Z) referenced in function "public: void __thiscall Polymer::Break_Bond(void)" (?Break_Bond@Polymer@@QAEXXZ)
     1>Polymer.obj : error LNK2019: unresolved external symbol "public: int __thiscall Monomer::Return_Number_Bonds_Glycan(void)" (?Return_Number_Bonds_Glycan@Monomer@@QAEHXZ) referenced in function "public: void __thiscall Polymer::Calculate_Spring_Constant_Vertical(void)" (?Calculate_Spring_Constant_Vertical@Polymer@@QAEXXZ)
     1>Polymer.obj : error LNK2019: unresolved external symbol "public: void __thiscall Monomer::Set_Length_Peptide(double)" (?Set_Length_Peptide@Monomer@@QAEXN@Z) referenced in function "public: void __thiscall Polymer::Set_Forces_And_Lengths(double)" (?Set_Forces_And_Lengths@Polymer@@QAEXN@Z)
     1>Polymer.obj : error LNK2019: unresolved external symbol "public: double __thiscall Monomer::Return_Length_Peptide(void)" (?Return_Length_Peptide@Monomer@@QAENXZ) referenced in function "public: double __thiscall Polymer::Return_Length_Peptide(int,int)" (?Return_Length_Peptide@Polymer@@QAENHH@Z)
     1>Polymer.obj : error LNK2019: unresolved external symbol "public: void __thiscall Monomer::Set_Spring_Constant_Peptide(double)" (?Set_Spring_Constant_Peptide@Monomer@@QAEXN@Z) referenced in function "public: void __thiscall Polymer::Set_Spring_Constant_Peptide(double,int,int)" (?Set_Spring_Constant_Peptide@Polymer@@QAEXNHH@Z)
     1>Polymer.obj : error LNK2019: unresolved external symbol "public: double __thiscall Monomer::Return_Spring_Constant_Peptide(void)" (?Return_Spring_Constant_Peptide@Monomer@@QAENXZ) referenced in function "public: double __thiscall Polymer::Return_Spring_Constant_Peptide(int,int)" (?Return_Spring_Constant_Peptide@Polymer@@QAENHH@Z)
     1>Polymer.obj : error LNK2019: unresolved external symbol "public: void __thiscall Monomer::Set_Number_Bonds_Peptide(int)" (?Set_Number_Bonds_Peptide@Monomer@@QAEXH@Z) referenced in function "public: void __thiscall Polymer::Break_Bond(void)" (?Break_Bond@Polymer@@QAEXXZ)
     1>Polymer.obj : error LNK2019: unresolved external symbol "public: int __thiscall Monomer::Return_Number_Bonds_Peptide(void)" (?Return_Number_Bonds_Peptide@Monomer@@QAEHXZ) referenced in function "public: void __thiscall Polymer::Calculate_Spring_Constant_Horizontal(void)" (?Calculate_Spring_Constant_Horizontal@Polymer@@QAEXXZ)
     1>C:\Users\Jenny\Documents\GitHub\4th-year-project\Potato slice model\Debug\Potato slice model.exe : fatal error LNK1120: 17 unresolved externals
     1>Done Building Project "C:\Users\Jenny\Documents\GitHub\4th-year-project\Potato slice model\Potato slice model\Potato slice model.vcxproj" (Build target(s)) -- FAILED.

Build FAILED.

Time Elapsed 00:00:01.63
